Kozery, gmina Grodzisk Mazowiecki, Grodzisk Mazowiecki County, Masovian Voivodeship, Poland
gmina Łyszkowice, Łowicz County, Łódź Voivodeship, 99-420, Poland
gmina Łyszkowice, Łowicz County, Łódź Voivodeship, 99-420, Poland
gmina Łyszkowice, Łowicz County, Łódź Voivodeship, 99-420, Poland
gmina Łyszkowice, Łowicz County, Łódź Voivodeship, 99-420, Poland
gmina Łyszkowice, Łowicz County, Łódź Voivodeship, 99-420, Poland
gmina Łyszkowice, Łowicz County, Łódź Voivodeship, 99-420, Poland
gmina Łyszkowice, Łowicz County, Łódź Voivodeship, 99-420, Poland
gmina Łyszkowice, Łowicz County, Łódź Voivodeship, 99-420, Poland
gmina Łyszkowice, Łowicz County, Łódź Voivodeship, 99-420, Poland
gmina Łyszkowice, Łowicz County, Łódź Voivodeship, 99-420, Poland
gmina Łyszkowice, Łowicz County, Łódź Voivodeship, 99-420, Poland
gmina Łyszkowice, Łowicz County, Łódź Voivodeship, 99-420, Poland
gmina Łyszkowice, Łowicz County, Łódź Voivodeship, 99-420, Poland
gmina Łyszkowice, Łowicz County, Łódź Voivodeship, 99-420, Poland
gmina Łyszkowice, Łowicz County, Łódź Voivodeship, 99-420, Poland
gmina Łyszkowice, Łowicz County, Łódź Voivodeship, 99-420, Poland
gmina Łyszkowice, Łowicz County, Łódź Voivodeship, 99-420, Poland
gmina Łyszkowice, Łowicz County, Łódź Voivodeship, 99-420, Poland
gmina Łyszkowice, Łowicz County, Łódź Voivodeship, 99-420, Poland
gmina Łyszkowice, Łowicz County, Łódź Voivodeship, 99-420, Poland
gmina Łyszkowice, Łowicz County, Łódź Voivodeship, 99-420, Poland
gmina Łyszkowice, Łowicz County, Łódź Voivodeship, 99-420, Poland
gmina Łyszkowice, Łowicz County, Łódź Voivodeship, 99-420, Poland
gmina Łyszkowice, Łowicz County, Łódź Voivodeship, 99-420, Poland
gmina Łyszkowice, Łowicz County, Łódź Voivodeship, 99-420, Poland
gmina Łyszkowice, Łowicz County, Łódź Voivodeship, 99-420, Poland
gmina Łyszkowice, Łowicz County, Łódź Voivodeship, 99-420, Poland
gmina Łyszkowice, Łowicz County, Łódź Voivodeship, 99-420, Poland
gmina Łyszkowice, Łowicz County, Łódź Voivodeship, 99-420, Poland
gmina Łyszkowice, Łowicz County, Łódź Voivodeship, 99-420, Poland
gmina Łyszkowice, Łowicz County, Łódź Voivodeship, 99-420, Poland
gmina Łyszkowice, Łowicz County, Łódź Voivodeship, 99-420, Poland
gmina Łyszkowice, Łowicz County, Łódź Voivodeship, 99-420, Poland
gmina Łyszkowice, Łowicz County, Łódź Voivodeship, 99-420, Poland
gmina Łyszkowice, Łowicz County, Łódź Voivodeship, 99-420, Poland
gmina Łyszkowice, Łowicz County, Łódź Voivodeship, 99-420, Poland
gmina Łyszkowice, Łowicz County, Łódź Voivodeship, 99-420, Poland
gmina Łyszkowice, Łowicz County, Łódź Voivodeship, 99-420, Poland
gmina Łyszkowice, Łowicz County, Łódź Voivodeship, 99-420, Poland
gmina Łyszkowice, Łowicz County, Łódź Voivodeship, 99-420, Poland
gmina Łyszkowice, Łowicz County, Łódź Voivodeship, 99-420, Poland
Bełchów, gmina Nieborów, Łowicz County, Łódź Voivodeship, Poland
Bełchów, gmina Nieborów, Łowicz County, Łódź Voivodeship, Poland
Bełchów, gmina Nieborów, Łowicz County, Łódź Voivodeship, Poland
gmina Skierniewice, Skierniewice County, Łódź Voivodeship, 96-116, Poland
gmina Skierniewice, Skierniewice County, Łódź Voivodeship, 96-116, Poland
gmina Skierniewice, Skierniewice County, Łódź Voivodeship, 96-116, Poland
gmina Skierniewice, Skierniewice County, Łódź Voivodeship, 96-116, Poland
gmina Skierniewice, Skierniewice County, Łódź Voivodeship, 96-116, Poland
gmina Skierniewice, Skierniewice County, Łódź Voivodeship, 96-116, Poland
gmina Skierniewice, Skierniewice County, Łódź Voivodeship, 96-116, Poland
gmina Skierniewice, Skierniewice County, Łódź Voivodeship, 96-116, Poland
gmina Skierniewice, Skierniewice County, Łódź Voivodeship, 96-116, Poland
gmina Skierniewice, Skierniewice County, Łódź Voivodeship, 96-116, Poland
gmina Bolimów, Skierniewice County, Łódź Voivodeship, 99-417, Poland
gmina Bolimów, Skierniewice County, Łódź Voivodeship, 99-417, Poland
gmina Bolimów, Skierniewice County, Łódź Voivodeship, 99-417, Poland
gmina Bolimów, Skierniewice County, Łódź Voivodeship, 99-417, Poland
gmina Bolimów, Skierniewice County, Łódź Voivodeship, 99-417, Poland
gmina Bolimów, Skierniewice County, Łódź Voivodeship, 99-417, Poland
gmina Bolimów, Skierniewice County, Łódź Voivodeship, 99-417, Poland
gmina Bolimów, Skierniewice County, Łódź Voivodeship, 99-417, Poland
gmina Bolimów, Skierniewice County, Łódź Voivodeship, 99-417, Poland
gmina Bolimów, Skierniewice County, Łódź Voivodeship, 99-417, Poland
gmina Bolimów, Skierniewice County, Łódź Voivodeship, 99-417, Poland
gmina Bolimów, Skierniewice County, Łódź Voivodeship, 99-417, Poland
Bartniki, gmina Puszcza Mariańska, Żyrardów County, Masovian Voivodeship, 96-332, Poland
Bartniki, gmina Puszcza Mariańska, Żyrardów County, Masovian Voivodeship, 96-332, Poland
Bartniki, gmina Puszcza Mariańska, Żyrardów County, Masovian Voivodeship, 96-332, Poland
Bartniki, gmina Puszcza Mariańska, Żyrardów County, Masovian Voivodeship, 96-332, Poland
Bartniki, gmina Puszcza Mariańska, Żyrardów County, Masovian Voivodeship, 96-332, Poland
Bartniki, gmina Puszcza Mariańska, Żyrardów County, Masovian Voivodeship, 96-332, Poland
Bartniki, gmina Puszcza Mariańska, Żyrardów County, Masovian Voivodeship, 96-332, Poland
Popielarnia, gmina Wiskitki, Żyrardów County, Masovian Voivodeship, Poland
Popielarnia, gmina Wiskitki, Żyrardów County, Masovian Voivodeship, Poland
Popielarnia, gmina Wiskitki, Żyrardów County, Masovian Voivodeship, Poland
Popielarnia, gmina Wiskitki, Żyrardów County, Masovian Voivodeship, Poland
Popielarnia, gmina Wiskitki, Żyrardów County, Masovian Voivodeship, Poland
Hipolitów, gmina Wiskitki, Żyrardów County, Masovian Voivodeship, Poland
Antoniew, gmina Wiskitki, Żyrardów County, Masovian Voivodeship, Poland
Antoniew, gmina Wiskitki, Żyrardów County, Masovian Voivodeship, Poland
Sokule, gmina Wiskitki, Żyrardów County, Masovian Voivodeship, Poland
Sokule, gmina Wiskitki, Żyrardów County, Masovian Voivodeship, Poland
Sokule, gmina Wiskitki, Żyrardów County, Masovian Voivodeship, Poland
Sokule, gmina Wiskitki, Żyrardów County, Masovian Voivodeship, Poland
Działki, gmina Wiskitki, Żyrardów County, Masovian Voivodeship, Poland
Działki, gmina Wiskitki, Żyrardów County, Masovian Voivodeship, Poland
Wiskitki, gmina Wiskitki, Żyrardów County, Masovian Voivodeship, Poland
Stare Kozłowice, gmina Wiskitki, Żyrardów County, Masovian Voivodeship, Poland
Stare Kozłowice, gmina Wiskitki, Żyrardów County, Masovian Voivodeship, Poland
Żyrardów, Żyrardów County, Masovian Voivodeship, Poland
Żyrardów, Żyrardów County, Masovian Voivodeship, Poland
Żyrardów, Żyrardów County, Masovian Voivodeship, Poland
Henryszew, gmina Jaktorów, Grodzisk Mazowiecki County, Masovian Voivodeship, Poland
Grądy, gmina Jaktorów, Grodzisk Mazowiecki County, Masovian Voivodeship, Poland
Stare Budy, gmina Jaktorów, Grodzisk Mazowiecki County, Masovian Voivodeship, Poland
Budy Zosine, gmina Jaktorów, Grodzisk Mazowiecki County, Masovian Voivodeship, Poland
Budy Zosine, gmina Jaktorów, Grodzisk Mazowiecki County, Masovian Voivodeship, Poland
Budy Zosine, gmina Jaktorów, Grodzisk Mazowiecki County, Masovian Voivodeship, Poland
Jaktorów Kolonia, gmina Jaktorów, Grodzisk Mazowiecki County, Masovian Voivodeship, Poland
Jaktorów, gmina Jaktorów, Grodzisk Mazowiecki County, Masovian Voivodeship, 96-313, Poland
Jaktorów, gmina Jaktorów, Grodzisk Mazowiecki County, Masovian Voivodeship, 96-313, Poland
Chylice Kolonia, gmina Jaktorów, Grodzisk Mazowiecki County, Masovian Voivodeship, Poland
Chylice, gmina Jaktorów, Grodzisk Mazowiecki County, Masovian Voivodeship, Poland
Kozery Nowe, gmina Grodzisk Mazowiecki, Grodzisk Mazowiecki County, Masovian Voivodeship, Poland
Kozery, gmina Grodzisk Mazowiecki, Grodzisk Mazowiecki County, Masovian Voivodeship, Poland
Kozery, gmina Grodzisk Mazowiecki, Grodzisk Mazowiecki County, Masovian Voivodeship, Poland
Grodzisk Mazowiecki, gmina Grodzisk Mazowiecki, Grodzisk Mazowiecki County, Masovian Voivodeship, 05-827, Poland
Grodzisk Mazowiecki, gmina Grodzisk Mazowiecki, Grodzisk Mazowiecki County, Masovian Voivodeship, 05-827, Poland
Grodzisk Mazowiecki, gmina Grodzisk Mazowiecki, Grodzisk Mazowiecki County, Masovian Voivodeship, 05-827, Poland
Grodzisk Mazowiecki, gmina Grodzisk Mazowiecki, Grodzisk Mazowiecki County, Masovian Voivodeship, 05-827, Poland
Grodzisk Mazowiecki, gmina Grodzisk Mazowiecki, Grodzisk Mazowiecki County, Masovian Voivodeship, 05-827, Poland
Grodzisk Mazowiecki, gmina Grodzisk Mazowiecki, Grodzisk Mazowiecki County, Masovian Voivodeship, 05-827, Poland
Milanówek, Grodzisk Mazowiecki County, Masovian Voivodeship, 05-822, Poland
Milanówek, Grodzisk Mazowiecki County, Masovian Voivodeship, 05-822, Poland
Milanówek, Grodzisk Mazowiecki County, Masovian Voivodeship, 05-822, Poland
Owczarnia, gmina Brwinów, Pruszków County, Masovian Voivodeship, Poland
Podkowa Leśna, Grodzisk Mazowiecki County, Masovian Voivodeship, 05-807, Poland
Podkowa Leśna, Grodzisk Mazowiecki County, Masovian Voivodeship, 05-807, Poland
Podkowa Leśna, Grodzisk Mazowiecki County, Masovian Voivodeship, 05-807, Poland
Otrębusy, gmina Brwinów, Pruszków County, Masovian Voivodeship, 05-805, Poland
Otrębusy, gmina Brwinów, Pruszków County, Masovian Voivodeship, 05-805, Poland
Kanie, gmina Brwinów, Pruszków County, Masovian Voivodeship, Poland
Kanie, gmina Brwinów, Pruszków County, Masovian Voivodeship, Poland
Granica, gmina Michałowice, Pruszków County, Masovian Voivodeship, Poland
Granica, gmina Michałowice, Pruszków County, Masovian Voivodeship, Poland
Komorów, gmina Michałowice, Pruszków County, Masovian Voivodeship, 05-806, Poland
Komorów, gmina Michałowice, Pruszków County, Masovian Voivodeship, 05-806, Poland
Pęcice Małe, gmina Michałowice, Pruszków County, Masovian Voivodeship, Poland
Pęcice Małe, gmina Michałowice, Pruszków County, Masovian Voivodeship, Poland
Pęcice Małe, gmina Michałowice, Pruszków County, Masovian Voivodeship, Poland
Pęcice Małe, gmina Michałowice, Pruszków County, Masovian Voivodeship, Poland
Pęcice, gmina Michałowice, Pruszków County, Masovian Voivodeship, Poland
Pęcice, gmina Michałowice, Pruszków County, Masovian Voivodeship, Poland
Sokołów, gmina Michałowice, Pruszków County, Masovian Voivodeship, Poland
Sokołów, gmina Michałowice, Pruszków County, Masovian Voivodeship, Poland
Sokołów, gmina Michałowice, Pruszków County, Masovian Voivodeship, Poland
Wypędy, gmina Raszyn, Pruszków County, Masovian Voivodeship, Poland
Wypędy, gmina Raszyn, Pruszków County, Masovian Voivodeship, Poland
Michałowice-Wieś, gmina Michałowice, Pruszków County, Masovian Voivodeship, Poland
Puchały, gmina Raszyn, Pruszków County, Masovian Voivodeship, Poland
Puchały, gmina Raszyn, Pruszków County, Masovian Voivodeship, Poland
Nowe Grocholice, gmina Raszyn, Pruszków County, Masovian Voivodeship, Poland
Nowe Grocholice, gmina Raszyn, Pruszków County, Masovian Voivodeship, Poland
Raszyn, gmina Raszyn, Pruszków County, Masovian Voivodeship, Poland
Raszyn, gmina Raszyn, Pruszków County, Masovian Voivodeship, Poland
Raszyn, gmina Raszyn, Pruszków County, Masovian Voivodeship, Poland
Raszyn, gmina Raszyn, Pruszków County, Masovian Voivodeship, Poland
Rybie, gmina Raszyn, Pruszków County, Masovian Voivodeship, Poland
Warsaw, Masovian Voivodeship, 00-901, Poland
Warsaw, Masovian Voivodeship, 00-901, Poland
Warsaw, Masovian Voivodeship, 00-901, Poland
Warsaw, Masovian Voivodeship, 00-901, Poland
Warsaw, Masovian Voivodeship, 00-901, Poland
Warsaw, Masovian Voivodeship, 00-901, Poland
Warsaw, Masovian Voivodeship, 00-901, Poland
Warsaw, Masovian Voivodeship, 00-901, Poland
