dLat: -0.12753868422637282   dLon: -0.7432755585229991   dAlt: -2870.0   dSpd: -27.62881239946671   dTrk: 0.0
dLat: 6.608710806261797E-4   dLon: 0.003851453576970698   dAlt: -94.0   dSpd: -0.907289991154812   dTrk: 0.0
dLat: 6.715475116578773E-4   dLon: 0.003913674151721835   dAlt: -96.0   dSpd: -0.9219473415773223   dTrk: 0.0
dLat: 6.822239426824694E-4   dLon: 0.00397589472646942   dAlt: -97.0   dSpd: -0.9366046919998894   dTrk: 0.0
dLat: 6.92900373714167E-4   dLon: 0.004038115301220557   dAlt: -99.0   dSpd: -0.9512620424223996   dTrk: 0.0
dLat: 7.035768047387592E-4   dLon: 0.004100335875968142   dAlt: -100.0   dSpd: -0.9659193928449099   dTrk: 0.0
dLat: 7.142532357704567E-4   dLon: 0.0041625564507157264   dAlt: -102.0   dSpd: -0.980576743267477   dTrk: 0.0
dLat: 7.249296667950489E-4   dLon: 0.004224777025466864   dAlt: -103.0   dSpd: -0.9952340936899873   dTrk: 0.0
dLat: 7.356060978267465E-4   dLon: 0.004286997600218001   dAlt: -105.0   dSpd: -1.0098914441125544   dTrk: 0.0
dLat: 7.462825288513386E-4   dLon: 0.004349218174962033   dAlt: -106.0   dSpd: -1.0245487945351215   dTrk: 0.0
dLat: 7.569589598759308E-4   dLon: 0.004411438749716723   dAlt: -108.0   dSpd: -1.039206144957575   dTrk: 0.0
dLat: 7.676353909076283E-4   dLon: 0.004473659324460755   dAlt: -110.0   dSpd: -1.053863495380142   dTrk: 0.0
dLat: 7.783118219393259E-4   dLon: 0.004535879899211892   dAlt: -111.0   dSpd: -1.0685208458027091   dTrk: 0.0
dLat: 7.889882529639181E-4   dLon: 0.004598100473963029   dAlt: -112.0   dSpd: -1.0831781962251625   dTrk: 0.0
dLat: 7.996646839885102E-4   dLon: 0.004660321048710614   dAlt: -114.0   dSpd: -1.0978355466477296   dTrk: 0.0
dLat: 8.103411150202078E-4   dLon: 0.0047225416234581985   dAlt: -116.0   dSpd: -1.1124928970702967   dTrk: 0.0
dLat: 8.210175460519054E-4   dLon: 0.004784762198209336   dAlt: -117.0   dSpd: -1.127150247492807   dTrk: 0.0
dLat: 8.316939770693921E-4   dLon: 0.004846982772960473   dAlt: -118.0   dSpd: -1.1418075979153173   dTrk: 0.0
dLat: 8.423704081081951E-4   dLon: 0.004909203347704505   dAlt: -120.0   dSpd: -1.1564649483378844   dTrk: 0.0
dLat: 8.530468391327872E-4   dLon: 0.004971423922459195   dAlt: -122.0   dSpd: -1.1711222987603946   dTrk: 0.0
dLat: 8.637232701573794E-4   dLon: 0.005033644497203227   dAlt: -123.0   dSpd: -1.1857796491829617   dTrk: 0.0
dLat: 8.74399701189077E-4   dLon: 0.005095865071954364   dAlt: -125.0   dSpd: -1.200436999605472   dTrk: 0.0
dLat: 8.850761322136691E-4   dLon: 0.005158085646705501   dAlt: -126.0   dSpd: -1.2150943500279823   dTrk: 0.0
dLat: 8.957525632382612E-4   dLon: 0.005220306221453086   dAlt: -128.0   dSpd: -1.2297517004505494   dTrk: 0.0
dLat: 9.064289942770642E-4   dLon: 0.0052825267962006706   dAlt: -129.0   dSpd: -1.2444090508731165   dTrk: 0.0
dLat: 9.17105425294551E-4   dLon: 0.005344747370951808   dAlt: -131.0   dSpd: -1.259066401295513   dTrk: 0.0
dLat: 9.277818563262485E-4   dLon: 0.005406967945699392   dAlt: -132.0   dSpd: -1.2737237517181939   dTrk: 0.0
dLat: 9.384582873579461E-4   dLon: 0.00546918852045053   dAlt: -134.0   dSpd: -1.2883811021406473   dTrk: 0.0
dLat: 9.491347183825383E-4   dLon: 0.005531409095198114   dAlt: -135.0   dSpd: -1.3030384525632144   dTrk: 0.0
dLat: 9.598111494071304E-4   dLon: 0.005593629669949252   dAlt: -137.0   dSpd: -1.3176958029857815   dTrk: 0.0
dLat: 9.70487580438828E-4   dLon: 0.005655850244696836   dAlt: -138.0   dSpd: -1.332353153408235   dTrk: 0.0
dLat: 9.811640114705256E-4   dLon: 0.005718070819444421   dAlt: -140.0   dSpd: -1.347010503830802   dTrk: 0.0
dLat: 9.918404424951177E-4   dLon: 0.005780291394195558   dAlt: -142.0   dSpd: -1.3616678542533691   dTrk: 0.0
dLat: 0.0010025168735197099   dLon: 0.005842511968943143   dAlt: -143.0   dSpd: -1.3763252046758225   dTrk: 0.0
dLat: 0.0010131933045514074   dLon: 0.00590473254369428   dAlt: -144.0   dSpd: -1.3909825550984465   dTrk: 0.0
dLat: 0.0010238697355759996   dLon: 0.0059669531184418645   dAlt: -146.0   dSpd: -1.4056399055209   dTrk: 0.0
dLat: 0.0010345461666076972   dLon: 0.006029173693193002   dAlt: -147.0   dSpd: -1.4202972559435239   dTrk: 0.0
dLat: 0.0010452225976322893   dLon: 0.006091394267940586   dAlt: -149.0   dSpd: -1.4349546063659773   dTrk: 0.0
dLat: 0.0010558990286639869   dLon: 0.006153614842688171   dAlt: -151.0   dSpd: -1.4496119567885444   dTrk: 0.0
dLat: 0.001066575459688579   dLon: 0.006215835417439308   dAlt: -152.0   dSpd: -1.4642693072110546   dTrk: 0.0
dLat: 0.0010772518907202766   dLon: 0.0062780559921904455   dAlt: -154.0   dSpd: -1.4789266576336217   dTrk: 0.0
dLat: 0.0010879283217448688   dLon: 0.00634027656693803   dAlt: -155.0   dSpd: -1.493584008056132   dTrk: 0.0
dLat: 0.001098604752769461   dLon: 0.006402497141685615   dAlt: -156.0   dSpd: -1.5082413584786423   dTrk: 0.0
dLat: 0.0011092811838011585   dLon: 0.006464717716436752   dAlt: -159.0   dSpd: -1.5228987089012094   dTrk: 0.0
dLat: 0.001119957614832856   dLon: 0.0065269382911843365   dAlt: -159.0   dSpd: -1.5375560593237196   dTrk: 0.0
dLat: 0.0011306340458574482   dLon: 0.006589158865931921   dAlt: -161.0   dSpd: -1.5522134097462867   dTrk: 0.0
dLat: 0.0011413104768820403   dLon: 0.006651379440683058   dAlt: -163.0   dSpd: -1.566870760168797   dTrk: 0.0
dLat: 0.001151986907913738   dLon: 0.006713600015434196   dAlt: -164.0   dSpd: -1.5815281105913641   dTrk: 0.0
dLat: 0.0011626633389454355   dLon: 0.00677582059018178   dAlt: -166.0   dSpd: -1.5961854610138744   dTrk: 0.0
dLat: 0.0011733397699700276   dLon: 0.006838041164929365   dAlt: -167.0   dSpd: -1.6108428114363846   dTrk: 0.0
dLat: 0.0011840162009946198   dLon: 0.006900261739680502   dAlt: -169.0   dSpd: -1.6255001618589517   dTrk: 0.0
dLat: 0.0011946926320263174   dLon: 0.006962482314428087   dAlt: -170.0   dSpd: -1.640157512281462   dTrk: 0.0
dLat: 0.0012053690630509095   dLon: 0.007024702889179224   dAlt: -172.0   dSpd: -1.654814862704029   dTrk: 0.0
dLat: 0.001216045494082607   dLon: 0.007086923463926809   dAlt: -174.0   dSpd: -1.6694722131264825   dTrk: 0.0
dLat: 0.0012267219251071992   dLon: 0.007149144038674393   dAlt: -175.0   dSpd: -1.6841295635490496   dTrk: 0.0
dLat: 0.0012373983561388968   dLon: 0.0072113646134255305   dAlt: -176.0   dSpd: -1.6987869139716167   dTrk: 0.0
dLat: 0.001248074787163489   dLon: 0.007273585188173115   dAlt: -178.0   dSpd: -1.7134442643941838   dTrk: 0.0
dLat: 0.0012587512181880811   dLon: 0.007335805762924252   dAlt: -179.0   dSpd: -1.7281016148166373   dTrk: 0.0
dLat: 0.0012694276492268841   dLon: 0.00739802633767539   dAlt: -181.0   dSpd: -1.7427589652392044   dTrk: 0.0
dLat: 0.0012801040802443708   dLon: 0.0074602469124194215   dAlt: -183.0   dSpd: -1.7574163156617146   dTrk: 0.0
dLat: 0.0012907805112760684   dLon: 0.007522467487170559   dAlt: -184.0   dSpd: -1.7720736660842817   dTrk: 0.0
dLat: 0.001301456942307766   dLon: 0.007584688061921696   dAlt: -185.0   dSpd: -1.786731016506792   dTrk: 0.0
dLat: 0.0013121333733323581   dLon: 0.007646908636669281   dAlt: -188.0   dSpd: -1.801388366929359   dTrk: 0.0
dLat: 0.0013228098043569503   dLon: 0.007709129211416865   dAlt: -188.0   dSpd: -1.8160457173518694   dTrk: 0.0
dLat: 0.0013334862353886479   dLon: 0.0077713497861680025   dAlt: -190.0   dSpd: -1.8307030677744365   dTrk: 0.0
dLat: 0.00134416266641324   dLon: 0.00783357036091914   dAlt: -192.0   dSpd: -1.84536041819689   dTrk: 0.0
dLat: 0.0013548390974449376   dLon: 0.007895790935663172   dAlt: -193.0   dSpd: -1.860017768619457   dTrk: 0.0
dLat: 0.0013655155284695297   dLon: 0.007958011510417862   dAlt: -195.0   dSpd: -1.8746751190419673   dTrk: 0.0
dLat: 0.0013761919595012273   dLon: 0.008020232085161894   dAlt: -196.0   dSpd: -1.8893324694645912   dTrk: 0.0
dLat: 0.0013868683905258194   dLon: 0.00808245265991303   dAlt: -198.0   dSpd: -1.9039898198870446   dTrk: 0.0
dLat: 0.001397544821557517   dLon: 0.008144673234664168   dAlt: -199.0   dSpd: -1.9186471703096117   dTrk: 0.0
dLat: 0.0014082212525821092   dLon: 0.008206893809411753   dAlt: -201.0   dSpd: -1.933304520732122   dTrk: 0.0
dLat: 0.0014188976836138067   dLon: 0.008269114384159337   dAlt: -202.0   dSpd: -1.947961871154689   dTrk: 0.0
dLat: 0.001429574114638399   dLon: 0.008331334958910475   dAlt: -204.0   dSpd: -1.9626192215771994   dTrk: 0.0
dLat: 0.0014402505456700965   dLon: 0.00839355553365806   dAlt: -205.0   dSpd: -1.9772765719997096   dTrk: 0.0
dLat: 0.0014509269766946886   dLon: 0.008455776108409196   dAlt: -207.0   dSpd: -1.9919339224222767   dTrk: 0.0
dLat: 0.0014616034077192808   dLon: 0.008517996683156781   dAlt: -208.0   dSpd: -2.006591272844844   dTrk: 0.0
dLat: 0.0014722798387509783   dLon: 0.008580217257907918   dAlt: -210.0   dSpd: -2.0212486232672973   dTrk: 0.0
dLat: 0.001482956269782676   dLon: 0.008642437832655503   dAlt: -212.0   dSpd: -2.0359059736898644   dTrk: 0.0
dLat: 0.001493632700807268   dLon: 0.008704658407403087   dAlt: -213.0   dSpd: -2.050563324112403   dTrk: 0.0
dLat: 0.0015043091318318602   dLon: 0.008766878982154225   dAlt: -214.0   dSpd: -2.0652206745349133   dTrk: 0.0
dLat: 0.0015149855628635578   dLon: 0.008829099556905362   dAlt: -216.0   dSpd: -2.0798780249574804   dTrk: 0.0
dLat: 0.0015256619938952554   dLon: 0.008891320131649394   dAlt: -217.0   dSpd: -2.0945353753799907   dTrk: 0.0
dLat: 0.001536338424912742   dLon: 0.008953540706404084   dAlt: -220.0   dSpd: -2.1091927258025294   dTrk: 0.0
dLat: 0.001547014855951545   dLon: 0.009015761281148116   dAlt: -220.0   dSpd: -2.1238500762250965   dTrk: 0.0
dLat: 0.0015576912869690318   dLon: 0.009077981855899253   dAlt: -222.0   dSpd: -2.13850742664755   dTrk: 0.0
dLat: 0.0015683677180078348   dLon: 0.00914020243065039   dAlt: -224.0   dSpd: -2.153164777070174   dTrk: 0.0
dLat: 0.0015790441490253215   dLon: 0.009202423005397975   dAlt: -225.0   dSpd: -2.1678221274926557   dTrk: 0.0
dLat: 0.001589720580057019   dLon: 0.00926464358014556   dAlt: -227.0   dSpd: -2.182479477915166   dTrk: 0.0
dLat: 0.0016003970110887167   dLon: 0.009326864154896697   dAlt: -228.0   dSpd: -2.1971368283377615   dTrk: 0.0
dLat: 0.0016110734421133088   dLon: 0.009389084729644281   dAlt: -229.0   dSpd: -2.2117941787602717   dTrk: 0.0
dLat: 0.0016217498731450064   dLon: 0.009451305304395419   dAlt: -232.0   dSpd: -2.226451529182782   dTrk: 0.0
dLat: 0.0016324263041695986   dLon: 0.009513525879143003   dAlt: -232.0   dSpd: -2.241108879605349   dTrk: 0.0
dLat: 0.0016431027351941907   dLon: 0.00957574645389414   dAlt: -235.0   dSpd: -2.255766230027831   dTrk: 0.0
dLat: 0.0016537791662258883   dLon: 0.009637967028641725   dAlt: -235.0   dSpd: -2.2704235804504265   dTrk: 0.0
dLat: 0.0016644555972575859   dLon: 0.00970018760338931   dAlt: -238.0   dSpd: -2.285080930872965   dTrk: 0.0
dLat: 0.001675132028282178   dLon: 0.009762408178140447   dAlt: -238.0   dSpd: -2.299738281295447   dTrk: 0.0
dLat: 0.0016858084593067701   dLon: 0.009824628752891584   dAlt: -241.0   dSpd: -2.3143956317179857   dTrk: 0.0
dLat: 0.0016964848903384677   dLon: 0.009886849327635616   dAlt: -242.0   dSpd: -2.3290529821405244   dTrk: 0.0
dLat: 0.0017071613213630599   dLon: 0.009949069902390306   dAlt: -243.0   dSpd: -2.343710332563063   dTrk: 0.0
dLat: 0.0017178377523947574   dLon: 0.010011290477134338   dAlt: -245.0   dSpd: -2.3583676829856017   dTrk: 0.0
dLat: 0.0017285141834193496   dLon: 0.010073511051885475   dAlt: -246.0   dSpd: -2.3730250334081404   dTrk: 0.0
dLat: 0.0017391906144510472   dLon: 0.010135731626636613   dAlt: -248.0   dSpd: -2.3876823838306507   dTrk: 0.0
dLat: 0.0017498670454756393   dLon: 0.010197952201384197   dAlt: -250.0   dSpd: -2.402339734253218   dTrk: 0.0
dLat: 0.0017605434765073369   dLon: 0.010260172776131782   dAlt: -251.0   dSpd: -2.4169970846756996   dTrk: 0.0
dLat: 0.001771219907531929   dLon: 0.010322393350882919   dAlt: -252.0   dSpd: -2.4316544350982667   dTrk: 0.0
dLat: 0.0017818963385636266   dLon: 0.010384613925630504   dAlt: -254.0   dSpd: -2.4463117855208054   dTrk: 0.0
dLat: 0.0017925727695882188   dLon: 0.010446834500381641   dAlt: -256.0   dSpd: -2.4609691359433725   dTrk: 0.0
dLat: 0.001803249200612811   dLon: 0.010509055075129226   dAlt: -257.0   dSpd: -2.475626486365826   dTrk: 0.0
dLat: 0.0018139256316445085   dLon: 0.010571275649880363   dAlt: -259.0   dSpd: -2.4902838367884215   dTrk: 0.0
dLat: 0.001824602062676206   dLon: 0.010633496224627947   dAlt: -260.0   dSpd: -2.504941187210875   dTrk: 0.0
dLat: 0.0018352784937007982   dLon: 0.010695716799375532   dAlt: -261.0   dSpd: -2.5195985376334704   dTrk: 0.0
dLat: 0.0018459549247253904   dLon: 0.01075793737412667   dAlt: -264.0   dSpd: -2.5342558880559807   dTrk: 0.0
dLat: 0.001856631355757088   dLon: 0.010820157948877807   dAlt: -264.0   dSpd: -2.548913238478548   dTrk: 0.0
dLat: 0.0018673077867887855   dLon: 0.010882378523621838   dAlt: -266.0   dSpd: -2.563570588901058   dTrk: 0.0
dLat: 0.0018779842178062722   dLon: 0.010944599098376528   dAlt: -268.0   dSpd: -2.578227939323625   dTrk: 0.0
dLat: 0.0018886606488450752   dLon: 0.01100681967312056   dAlt: -269.0   dSpd: -2.592885289746107   dTrk: 0.0
dLat: 0.0018993370798696674   dLon: 0.011069040247871698   dAlt: -271.0   dSpd: -2.607542640168674   dTrk: 0.0
dLat: 0.0019100135108942595   dLon: 0.011131260822622835   dAlt: -273.0   dSpd: -2.622199990591156   dTrk: 0.0
dLat: 0.001920689941925957   dLon: 0.01119348139737042   dAlt: -273.0   dSpd: -2.63685734101378   dTrk: 0.0
dLat: 0.0019313663729505492   dLon: 0.011255701972118004   dAlt: -276.0   dSpd: -2.6515146914362333   dTrk: 0.0
dLat: 0.0019420428039751414   dLon: 0.011317922546869141   dAlt: -277.0   dSpd: -2.6661720418588004   dTrk: 0.0
dLat: 0.001952719235006839   dLon: 0.011380143121620279   dAlt: -278.0   dSpd: -2.680829392281339   dTrk: 0.0
dLat: 0.0019633956660385365   dLon: 0.01144236369636431   dAlt: -280.0   dSpd: -2.695486742703878   dTrk: 0.0
dLat: 0.0019740720970631287   dLon: 0.011504584271115448   dAlt: -281.0   dSpd: -2.710144093126445   dTrk: 0.0
dLat: 0.0019847485280948263   dLon: 0.011566804845866585   dAlt: -283.0   dSpd: -2.7248014435488415   dTrk: 0.0
dLat: 0.0019954249591194184   dLon: 0.01162902542061417   dAlt: -285.0   dSpd: -2.739458793971494   dTrk: 0.0
dLat: 0.0020875567032661024   dLon: 0.012165954855046124   dAlt: -294.0   dSpd: -2.626014137578352   dTrk: 0.0
dLat: 8.738248164377183E-4   dLon: 0.00509251473331318   dAlt: -108.0   dSpd: 0.0   dTrk: 0.0
dLat: 8.738248164377183E-4   dLon: 0.00509251473331318   dAlt: -108.0   dSpd: 0.0   dTrk: 0.0
dLat: 8.738248164377183E-4   dLon: 0.005092514733316733   dAlt: -108.0   dSpd: 0.0   dTrk: 0.0
dLat: 8.738248164448237E-4   dLon: 0.00509251473331318   dAlt: -108.0   dSpd: 0.0   dTrk: 0.0
dLat: 8.738248164377183E-4   dLon: 0.00509251473331318   dAlt: -108.0   dSpd: 0.0   dTrk: 0.0
dLat: 8.738248164377183E-4   dLon: 0.005092514733316733   dAlt: -108.0   dSpd: 0.0   dTrk: 0.0
dLat: 8.738248164377183E-4   dLon: 0.00509251473331318   dAlt: -108.0   dSpd: 0.0   dTrk: 0.0
dLat: 8.738248164448237E-4   dLon: 0.00509251473331318   dAlt: -108.0   dSpd: 0.0   dTrk: 0.0
dLat: 8.738248164377183E-4   dLon: 0.00509251473331318   dAlt: -108.0   dSpd: 0.0   dTrk: 0.0
dLat: 8.738248164377183E-4   dLon: 0.005092514733316733   dAlt: -108.0   dSpd: 0.0   dTrk: 0.0
dLat: 8.738248164448237E-4   dLon: 0.00509251473331318   dAlt: -108.0   dSpd: 0.0   dTrk: 0.0
dLat: 8.738248164377183E-4   dLon: 0.00509251473331318   dAlt: -109.0   dSpd: 0.0   dTrk: 0.0
dLat: 8.738248164377183E-4   dLon: 0.005092514733316733   dAlt: -108.0   dSpd: 0.0   dTrk: 0.0
dLat: 8.738248164377183E-4   dLon: 0.00509251473331318   dAlt: -108.0   dSpd: 0.0   dTrk: 0.0
dLat: 8.738248164448237E-4   dLon: 0.00509251473331318   dAlt: -108.0   dSpd: 0.0   dTrk: 0.0
dLat: 8.738248164377183E-4   dLon: 0.005092514733316733   dAlt: -108.0   dSpd: 0.0   dTrk: 0.0
dLat: 8.738248164377183E-4   dLon: 0.00509251473331318   dAlt: -108.0   dSpd: 0.0   dTrk: 0.0
dLat: 8.738248164377183E-4   dLon: 0.00509251473331318   dAlt: -108.0   dSpd: 0.0   dTrk: 0.0
dLat: 8.738248164448237E-4   dLon: 0.005092514733316733   dAlt: -108.0   dSpd: 0.0   dTrk: 0.0
dLat: 8.738248164377183E-4   dLon: 0.00509251473331318   dAlt: -108.0   dSpd: 0.0   dTrk: 0.0
dLat: 8.738248164377183E-4   dLon: 0.00509251473331318   dAlt: -108.0   dSpd: 0.0   dTrk: 0.0
dLat: 8.738248164377183E-4   dLon: 0.00509251473331318   dAlt: -108.0   dSpd: 0.0   dTrk: 0.0
dLat: 8.738248164448237E-4   dLon: 0.005092514733316733   dAlt: -108.0   dSpd: 0.0   dTrk: 0.0
dLat: 8.738248164377183E-4   dLon: 0.00509251473331318   dAlt: -108.0   dSpd: 0.0   dTrk: 0.0
dLat: 8.738248164377183E-4   dLon: 0.00509251473331318   dAlt: -108.0   dSpd: 0.0   dTrk: 0.0
dLat: 8.738248164377183E-4   dLon: 0.005092514733316733   dAlt: -108.0   dSpd: 0.0   dTrk: 0.0
dLat: 8.738248164448237E-4   dLon: 0.00509251473331318   dAlt: -108.0   dSpd: 0.0   dTrk: 0.0
dLat: 8.738248164377183E-4   dLon: 0.00509251473331318   dAlt: -61.0   dSpd: 0.0   dTrk: 0.0
dLat: -3.764376030943595E-4   dLon: -0.002193819635085248   dAlt: 0.0   dSpd: -140.0   dTrk: 0.0
